<?xml version="1.0" encoding="utf-8"?><testsuites name="pytest tests"><testsuite name="pytest" errors="0" failures="0" skipped="1" tests="37" time="1.757" timestamp="2026-09-15T14:44:07.277868+00:00" hostname="localhost"><testcase classname="tests.test_core" name="test_all_scenes_load" time="0.027" /><testcase classname="tests.test_core" name="test_llm_cannot_output_physical_parameters[sigma]" time="0.001" /><testcase classname="tests.test_core" name="test_llm_cannot_output_physical_parameters[N]" time="0.001" /><testcase classname="tests.test_core" name="test_llm_cannot_output_physical_parameters[n_gaussians]" time="0.001" /><testcase classname="tests.test_core" name="test_llm_cannot_output_physical_parameters[position_m]" time="0.001" /><testcase classname="tests.test_core" name="test_invalid_quaternion" time="0.000" /><testcase classname="tests.test_core" name="test_exact_budget[weights0-6000]" time="0.001" /><testcase classname="tests.test_core" name="test_exact_budget[weights1-10]" time="0.001" /><testcase classname="tests.test_core" name="test_exact_budget[weights2-14]" time="0.001" /><testcase classname="tests.test_core" name="test_exact_budget[weights3-0]" time="0.001" /><testcase classname="tests.test_core" name="test_empty_budget" time="0.001" /><testcase classname="tests.test_core" name="test_negative_budget" time="0.001" /><testcase classname="tests.test_core" name="test_interrupt_preserves_parameters_and_resume" time="0.002" /><testcase classname="tests.test_core" name="test_cannot_drop_temporary_task_by_resuming" time="0.002" /><testcase classname="tests.test_core" name="test_nested_interrupt_stack" time="0.001" /><testcase classname="tests.test_core" name="test_unknown_target_is_rejected" time="0.001" /><testcase classname="tests.test_core" name="test_missing_rotation_angle" time="0.001" /><testcase classname="tests.test_core" name="test_unsupported_action" time="0.001" /><testcase classname="tests.test_core" name="test_optical_provenance_guard" time="0.001" /><testcase classname="tests.test_core" name="test_n_changes_independent_from_depth_profile" time="0.001" /><testcase classname="tests.test_core" name="test_nested_pool" time="0.009" /><testcase classname="tests.test_core" name="test_pose_and_animation_does_not_mutate_state" time="0.001" /><testcase classname="tests.test_core" name="test_store_duplicate_is_idempotent" time="0.005" /><testcase classname="tests.test_core" name="test_stale_revision_rejected" time="0.003" /><testcase classname="tests.test_core" name="test_late_response_cannot_commit" time="0.005" /><testcase classname="tests.test_core" name="test_manual_pause_invalidates_inflight_job" time="0.004" /><testcase classname="tests.test_core" name="test_recovery_preserves_tasks_and_pauses" time="0.017" /><testcase classname="tests.test_core" name="test_replay_unknown_input_is_explicit_error" time="0.007" /><testcase classname="tests.test_core" name="test_service_full_replay" time="0.005" /><testcase classname="tests.test_core" name="test_provider_posts_strict_schema_and_disables_thinking" time="0.008" /><testcase classname="tests.test_core" name="test_provider_invalid_json_is_not_repaired" time="0.005" /><testcase classname="tests.test_core" name="test_api_smoke_and_revisions" time="0.238" /><testcase classname="tests.test_core" name="test_resource_gpu_allowlist" time="0.010" /><testcase classname="tests.test_core" name="test_asset_glbs_are_readable" time="1.231" /><testcase classname="tests.test_core" name="test_langgraph_integration" time="0.001"><skipped type="pytest.skip" message="could not import 'langgraph': No module named 'langgraph'">/mnt/data/holocue/tests/test_core.py:221: could not import 'langgraph': No module named 'langgraph'</skipped></testcase><testcase classname="tests.test_core" name="test_background_cannot_precede_next_step" time="0.001" /><testcase classname="tests.test_core" name="test_measured_parameters_do_not_claim_optical_execution" time="0.002" /></testsuite></testsuites>